Flow report for VHDL5_Antoine_Phan
Sat Nov  5 19:37:45 2022
Quartus Prime Version 21.1.1 Build 850 06/23/2022 SJ Lite Edition


---------------------
; Table of Contents ;
---------------------
  1. Legal Notice
  2. Flow Summary
  3. Flow Settings
  4. Flow Non-Default Global Settings
  5. Flow Elapsed Time
  6. Flow OS Summary
  7. Flow Log
  8. Flow Messages
  9. Flow Suppressed Messages



----------------
; Legal Notice ;
----------------
Copyright (C) 2022  Intel Corporation. All rights reserved.
Your use of Intel Corporation's design tools, logic functions 
and other software and tools, and any partner logic 
functions, and any output files from any of the foregoing 
(including device programming or simulation files), and any 
associated documentation or information are expressly subject 
to the terms and conditions of the Intel Program License 
Subscription Agreement, the Intel Quartus Prime License Agreement,
the Intel FPGA IP License Agreement, or other applicable license
agreement, including, without limitation, that your use is for
the sole purpose of programming logic devices manufactured by
Intel and sold by Intel or its authorized distributors.  Please
refer to the applicable agreement for further details, at
https://fpgasoftware.intel.com/eula.



+-------------------------------------------------------------------------------+
; Flow Summary                                                                  ;
+---------------------------------+---------------------------------------------+
; Flow Status                     ; Successful - Sat Nov  5 19:37:45 2022       ;
; Quartus Prime Version           ; 21.1.1 Build 850 06/23/2022 SJ Lite Edition ;
; Revision Name                   ; VHDL5_Antoine_Phan                          ;
; Top-level Entity Name           ; antoine_phan_comparator                     ;
; Family                          ; Cyclone V                                   ;
; Device                          ; 5CSEMA5F31C6                                ;
; Timing Models                   ; Final                                       ;
; Logic utilization (in ALMs)     ; 14 / 32,070 ( < 1 % )                       ;
; Total registers                 ; 0                                           ;
; Total pins                      ; 14 / 457 ( 3 % )                            ;
; Total virtual pins              ; 0                                           ;
; Total block memory bits         ; 0 / 4,065,280 ( 0 % )                       ;
; Total DSP Blocks                ; 0 / 87 ( 0 % )                              ;
; Total HSSI RX PCSs              ; 0                                           ;
; Total HSSI PMA RX Deserializers ; 0                                           ;
; Total HSSI TX PCSs              ; 0                                           ;
; Total HSSI PMA TX Serializers   ; 0                                           ;
; Total PLLs                      ; 0 / 6 ( 0 % )                               ;
; Total DLLs                      ; 0 / 4 ( 0 % )                               ;
+---------------------------------+---------------------------------------------+


+-----------------------------------------+
; Flow Settings                           ;
+-------------------+---------------------+
; Option            ; Setting             ;
+-------------------+---------------------+
; Start date & time ; 11/05/2022 19:36:54 ;
; Main task         ; Compilation         ;
; Revision Name     ; VHDL5_Antoine_Phan  ;
+-------------------+---------------------+


+-----------------------------------------------------------------------------------------------------------------------------------------------+
; Flow Non-Default Global Settings                                                                                                              ;
+--------------------------------------+----------------------------------------+--------------------+-------------------------+----------------+
; Assignment Name                      ; Value                                  ; Default Value      ; Entity Name             ; Section Id     ;
+--------------------------------------+----------------------------------------+--------------------+-------------------------+----------------+
; COMPILER_SIGNATURE_ID                ; 106594150217876.166769141435541        ; --                 ; --                      ; --             ;
; EDA_DESIGN_INSTANCE_NAME             ; NA                                     ; --                 ; --                      ; comparator_tb  ;
; EDA_NATIVELINK_SIMULATION_TEST_BENCH ; comparator_tb                          ; --                 ; --                      ; eda_simulation ;
; EDA_OUTPUT_DATA_FORMAT               ; Verilog Hdl                            ; --                 ; --                      ; eda_simulation ;
; EDA_SIMULATION_TOOL                  ; ModelSim (Verilog)                     ; <None>             ; --                      ; --             ;
; EDA_TEST_BENCH_ENABLE_STATUS         ; TEST_BENCH_MODE                        ; --                 ; --                      ; eda_simulation ;
; EDA_TEST_BENCH_FILE                  ; comparator_tb.vhd                      ; --                 ; --                      ; comparator_tb  ;
; EDA_TEST_BENCH_MODULE_NAME           ; comparator_tb                          ; --                 ; --                      ; comparator_tb  ;
; EDA_TEST_BENCH_NAME                  ; comparator_tb                          ; --                 ; --                      ; eda_simulation ;
; EDA_TIME_SCALE                       ; 1 ps                                   ; --                 ; --                      ; eda_simulation ;
; MAX_CORE_JUNCTION_TEMP               ; 85                                     ; --                 ; --                      ; --             ;
; MIN_CORE_JUNCTION_TEMP               ; 0                                      ; --                 ; --                      ; --             ;
; PARTITION_COLOR                      ; -- (Not supported for targeted family) ; --                 ; antoine_phan_comparator ; Top            ;
; PARTITION_FITTER_PRESERVATION_LEVEL  ; -- (Not supported for targeted family) ; --                 ; antoine_phan_comparator ; Top            ;
; PARTITION_NETLIST_TYPE               ; -- (Not supported for targeted family) ; --                 ; antoine_phan_comparator ; Top            ;
; POWER_BOARD_THERMAL_MODEL            ; None (CONSERVATIVE)                    ; --                 ; --                      ; --             ;
; POWER_PRESET_COOLING_SOLUTION        ; 23 MM HEAT SINK WITH 200 LFPM AIRFLOW  ; --                 ; --                      ; --             ;
; PROJECT_OUTPUT_DIRECTORY             ; output_files                           ; --                 ; --                      ; --             ;
; TOP_LEVEL_ENTITY                     ; antoine_phan_comparator                ; VHDL5_Antoine_Phan ; --                      ; --             ;
+--------------------------------------+----------------------------------------+--------------------+-------------------------+----------------+


+--------------------------------------------------------------------------------------------------------------------------+
; Flow Elapsed Time                                                                                                        ;
+----------------------+--------------+-------------------------+---------------------+------------------------------------+
; Module Name          ; Elapsed Time ; Average Processors Used ; Peak Virtual Memory ; Total CPU Time (on all processors) ;
+----------------------+--------------+-------------------------+---------------------+------------------------------------+
; Analysis & Synthesis ; 00:00:08     ; 1.0                     ; 501 MB              ; 00:00:21                           ;
; Fitter               ; 00:00:28     ; 1.0                     ; 1859 MB             ; 00:00:58                           ;
; Assembler            ; 00:00:05     ; 1.0                     ; 521 MB              ; 00:00:05                           ;
; Timing Analyzer      ; 00:00:04     ; 1.0                     ; 848 MB              ; 00:00:04                           ;
; EDA Netlist Writer   ; 00:00:01     ; 1.0                     ; 700 MB              ; 00:00:01                           ;
; Total                ; 00:00:46     ; --                      ; --                  ; 00:01:29                           ;
+----------------------+--------------+-------------------------+---------------------+------------------------------------+


+------------------------------------------------------------------------------------+
; Flow OS Summary                                                                    ;
+----------------------+------------------+------------+------------+----------------+
; Module Name          ; Machine Hostname ; OS Name    ; OS Version ; Processor type ;
+----------------------+------------------+------------+------------+----------------+
; Analysis & Synthesis ; archiee          ; Arch Linux ; Arch Linux ; x86_64         ;
; Fitter               ; archiee          ; Arch Linux ; Arch Linux ; x86_64         ;
; Assembler            ; archiee          ; Arch Linux ; Arch Linux ; x86_64         ;
; Timing Analyzer      ; archiee          ; Arch Linux ; Arch Linux ; x86_64         ;
; EDA Netlist Writer   ; archiee          ; Arch Linux ; Arch Linux ; x86_64         ;
+----------------------+------------------+------------+------------+----------------+


------------
; Flow Log ;
------------
quartus_map --read_settings_files=on --write_settings_files=off VHDL5_Antoine_Phan -c VHDL5_Antoine_Phan
quartus_fit --read_settings_files=off --write_settings_files=off VHDL5_Antoine_Phan -c VHDL5_Antoine_Phan
quartus_asm --read_settings_files=off --write_settings_files=off VHDL5_Antoine_Phan -c VHDL5_Antoine_Phan
quartus_sta VHDL5_Antoine_Phan -c VHDL5_Antoine_Phan
quartus_eda --read_settings_files=off --write_settings_files=off VHDL5_Antoine_Phan -c VHDL5_Antoine_Phan



