Analysis & Synthesis report for WrapperDesign
Wed Nov 30 21:39:56 2022
Quartus Prime Version 18.0.0 Build 614 04/24/2018 SJ Lite Edition


---------------------
; Table of Contents ;
---------------------
  1. Legal Notice
  2. Analysis & Synthesis Summary
  3. Analysis & Synthesis Settings
  4. Parallel Compilation
  5. Analysis & Synthesis Source Files Read
  6. Analysis & Synthesis Resource Usage Summary
  7. Analysis & Synthesis Resource Utilization by Entity
  8. State Machine - |Antoine_Phan_Wrapper2|Antoine_Phan_Sequence_Detector:SEQ_CNT|Antoine_Phan_FSM:FSM|state2
  9. State Machine - |Antoine_Phan_Wrapper2|Antoine_Phan_Sequence_Detector:SEQ_CNT|Antoine_Phan_FSM:FSM|state1
 10. General Register Statistics
 11. Inverted Register Statistics
 12. Port Connectivity Checks: "Seven_Segment_Decoder:HEX0_DEC"
 13. Port Connectivity Checks: "Seven_Segment_Decoder:HEX5_DEC"
 14. Port Connectivity Checks: "Antoine_Phan_Sequence_Detector:SEQ_CNT"
 15. Port Connectivity Checks: "Antoine_Phan_Clock_Divider:CLK_DIV"
 16. Post-Synthesis Netlist Statistics for Top Partition
 17. Elapsed Time Per Partition
 18. Analysis & Synthesis Messages



----------------
; Legal Notice ;
----------------
Copyright (C) 2018  Intel Corporation. All rights reserved.
Your use of Intel Corporation's design tools, logic functions 
and other software and tools, and its AMPP partner logic 
functions, and any output files from any of the foregoing 
(including device programming or simulation files), and any 
associated documentation or information are expressly subject 
to the terms and conditions of the Intel Program License 
Subscription Agreement, the Intel Quartus Prime License Agreement,
the Intel FPGA IP License Agreement, or other applicable license
agreement, including, without limitation, that your use is for
the sole purpose of programming logic devices manufactured by
Intel and sold by Intel or its authorized distributors.  Please
refer to the applicable agreement for further details.



+-------------------------------------------------------------------------------+
; Analysis & Synthesis Summary                                                  ;
+---------------------------------+---------------------------------------------+
; Analysis & Synthesis Status     ; Successful - Wed Nov 30 21:39:56 2022       ;
; Quartus Prime Version           ; 18.0.0 Build 614 04/24/2018 SJ Lite Edition ;
; Revision Name                   ; WrapperDesign                               ;
; Top-level Entity Name           ; Antoine_Phan_Wrapper2                       ;
; Family                          ; Cyclone V                                   ;
; Logic utilization (in ALMs)     ; N/A                                         ;
; Total registers                 ; 53                                          ;
; Total pins                      ; 16                                          ;
; Total virtual pins              ; 0                                           ;
; Total block memory bits         ; 0                                           ;
; Total DSP Blocks                ; 0                                           ;
; Total HSSI RX PCSs              ; 0                                           ;
; Total HSSI PMA RX Deserializers ; 0                                           ;
; Total HSSI TX PCSs              ; 0                                           ;
; Total HSSI PMA TX Serializers   ; 0                                           ;
; Total PLLs                      ; 0                                           ;
; Total DLLs                      ; 0                                           ;
+---------------------------------+---------------------------------------------+


+------------------------------------------------------------------------------------------------------------------------------+
; Analysis & Synthesis Settings                                                                                                ;
+---------------------------------------------------------------------------------+-----------------------+--------------------+
; Option                                                                          ; Setting               ; Default Value      ;
+---------------------------------------------------------------------------------+-----------------------+--------------------+
; Device                                                                          ; 5CSEMA5F31C6          ;                    ;
; Top-level entity name                                                           ; Antoine_Phan_Wrapper2 ; WrapperDesign      ;
; Family name                                                                     ; Cyclone V             ; Cyclone V          ;
; Use smart compilation                                                           ; Off                   ; Off                ;
; Enable parallel Assembler and Timing Analyzer during compilation                ; On                    ; On                 ;
; Enable compact report table                                                     ; Off                   ; Off                ;
; Restructure Multiplexers                                                        ; Auto                  ; Auto               ;
; MLAB Add Timing Constraints For Mixed-Port Feed-Through Mode Setting Don't Care ; Off                   ; Off                ;
; Create Debugging Nodes for IP Cores                                             ; Off                   ; Off                ;
; Preserve fewer node names                                                       ; On                    ; On                 ;
; Intel FPGA IP Evaluation Mode                                                   ; Enable                ; Enable             ;
; Verilog Version                                                                 ; Verilog_2001          ; Verilog_2001       ;
; VHDL Version                                                                    ; VHDL_1993             ; VHDL_1993          ;
; State Machine Processing                                                        ; Auto                  ; Auto               ;
; Safe State Machine                                                              ; Off                   ; Off                ;
; Extract Verilog State Machines                                                  ; On                    ; On                 ;
; Extract VHDL State Machines                                                     ; On                    ; On                 ;
; Ignore Verilog initial constructs                                               ; Off                   ; Off                ;
; Iteration limit for constant Verilog loops                                      ; 5000                  ; 5000               ;
; Iteration limit for non-constant Verilog loops                                  ; 250                   ; 250                ;
; Add Pass-Through Logic to Inferred RAMs                                         ; On                    ; On                 ;
; Infer RAMs from Raw Logic                                                       ; On                    ; On                 ;
; Parallel Synthesis                                                              ; On                    ; On                 ;
; DSP Block Balancing                                                             ; Auto                  ; Auto               ;
; NOT Gate Push-Back                                                              ; On                    ; On                 ;
; Power-Up Don't Care                                                             ; On                    ; On                 ;
; Remove Redundant Logic Cells                                                    ; Off                   ; Off                ;
; Remove Duplicate Registers                                                      ; On                    ; On                 ;
; Ignore CARRY Buffers                                                            ; Off                   ; Off                ;
; Ignore CASCADE Buffers                                                          ; Off                   ; Off                ;
; Ignore GLOBAL Buffers                                                           ; Off                   ; Off                ;
; Ignore ROW GLOBAL Buffers                                                       ; Off                   ; Off                ;
; Ignore LCELL Buffers                                                            ; Off                   ; Off                ;
; Ignore SOFT Buffers                                                             ; On                    ; On                 ;
; Limit AHDL Integers to 32 Bits                                                  ; Off                   ; Off                ;
; Optimization Technique                                                          ; Balanced              ; Balanced           ;
; Carry Chain Length                                                              ; 70                    ; 70                 ;
; Auto Carry Chains                                                               ; On                    ; On                 ;
; Auto Open-Drain Pins                                                            ; On                    ; On                 ;
; Perform WYSIWYG Primitive Resynthesis                                           ; Off                   ; Off                ;
; Auto ROM Replacement                                                            ; On                    ; On                 ;
; Auto RAM Replacement                                                            ; On                    ; On                 ;
; Auto DSP Block Replacement                                                      ; On                    ; On                 ;
; Auto Shift Register Replacement                                                 ; Auto                  ; Auto               ;
; Allow Shift Register Merging across Hierarchies                                 ; Auto                  ; Auto               ;
; Auto Clock Enable Replacement                                                   ; On                    ; On                 ;
; Strict RAM Replacement                                                          ; Off                   ; Off                ;
; Allow Synchronous Control Signals                                               ; On                    ; On                 ;
; Force Use of Synchronous Clear Signals                                          ; Off                   ; Off                ;
; Auto Resource Sharing                                                           ; Off                   ; Off                ;
; Allow Any RAM Size For Recognition                                              ; Off                   ; Off                ;
; Allow Any ROM Size For Recognition                                              ; Off                   ; Off                ;
; Allow Any Shift Register Size For Recognition                                   ; Off                   ; Off                ;
; Use LogicLock Constraints during Resource Balancing                             ; On                    ; On                 ;
; Ignore translate_off and synthesis_off directives                               ; Off                   ; Off                ;
; Timing-Driven Synthesis                                                         ; On                    ; On                 ;
; Report Parameter Settings                                                       ; On                    ; On                 ;
; Report Source Assignments                                                       ; On                    ; On                 ;
; Report Connectivity Checks                                                      ; On                    ; On                 ;
; Ignore Maximum Fan-Out Assignments                                              ; Off                   ; Off                ;
; Synchronization Register Chain Length                                           ; 3                     ; 3                  ;
; Power Optimization During Synthesis                                             ; Normal compilation    ; Normal compilation ;
; HDL message level                                                               ; Level2                ; Level2             ;
; Suppress Register Optimization Related Messages                                 ; Off                   ; Off                ;
; Number of Removed Registers Reported in Synthesis Report                        ; 5000                  ; 5000               ;
; Number of Swept Nodes Reported in Synthesis Report                              ; 5000                  ; 5000               ;
; Number of Inverted Registers Reported in Synthesis Report                       ; 100                   ; 100                ;
; Clock MUX Protection                                                            ; On                    ; On                 ;
; Auto Gated Clock Conversion                                                     ; Off                   ; Off                ;
; Block Design Naming                                                             ; Auto                  ; Auto               ;
; SDC constraint protection                                                       ; Off                   ; Off                ;
; Synthesis Effort                                                                ; Auto                  ; Auto               ;
; Shift Register Replacement - Allow Asynchronous Clear Signal                    ; On                    ; On                 ;
; Pre-Mapping Resynthesis Optimization                                            ; Off                   ; Off                ;
; Analysis & Synthesis Message Level                                              ; Medium                ; Medium             ;
; Disable Register Merging Across Hierarchies                                     ; Auto                  ; Auto               ;
; Resource Aware Inference For Block RAM                                          ; On                    ; On                 ;
; Automatic Parallel Synthesis                                                    ; On                    ; On                 ;
; Partial Reconfiguration Bitstream ID                                            ; Off                   ; Off                ;
+---------------------------------------------------------------------------------+-----------------------+--------------------+


+------------------------------------------+
; Parallel Compilation                     ;
+----------------------------+-------------+
; Processors                 ; Number      ;
+----------------------------+-------------+
; Number detected on machine ; 8           ;
; Maximum allowed            ; 4           ;
;                            ;             ;
; Average used               ; 1.00        ;
; Maximum used               ; 4           ;
;                            ;             ;
; Usage by Processor         ; % Time Used ;
;     Processor 1            ; 100.0%      ;
;     Processors 2-4         ;   0.0%      ;
+----------------------------+-------------+


+---------------------------------------------------------------------------------------------------------------------------------------------------------------+
; Analysis & Synthesis Source Files Read                                                                                                                        ;
+------------------------------------+-----------------+-----------------+----------------------------------------------------------------------------+---------+
; File Name with User-Entered Path   ; Used in Netlist ; File Type       ; File Name with Absolute Path                                               ; Library ;
+------------------------------------+-----------------+-----------------+----------------------------------------------------------------------------+---------+
; Antoine_Phan_Counter.vhd           ; yes             ; User VHDL File  ; D:/ECSE222-VHDL/Lab6/VHDL6_Antoine_Phan/Antoine_Phan_Counter.vhd           ;         ;
; Antoine_Phan_Clock_Divider.vhd     ; yes             ; User VHDL File  ; D:/ECSE222-VHDL/Lab6/VHDL6_Antoine_Phan/Antoine_Phan_Clock_Divider.vhd     ;         ;
; Seven_Segment_Decoder.vhd          ; yes             ; User VHDL File  ; D:/ECSE222-VHDL/Lab6/VHDL6_Antoine_Phan/Seven_Segment_Decoder.vhd          ;         ;
; Antoine_Phan_FSM.vhd               ; yes             ; User VHDL File  ; D:/ECSE222-VHDL/Lab6/VHDL6_Antoine_Phan/Antoine_Phan_FSM.vhd               ;         ;
; Antoine_Phan_Sequence_Detector.vhd ; yes             ; User VHDL File  ; D:/ECSE222-VHDL/Lab6/VHDL6_Antoine_Phan/Antoine_Phan_Sequence_Detector.vhd ;         ;
; ROM.vhd                            ; yes             ; User VHDL File  ; D:/ECSE222-VHDL/Lab6/VHDL6_Antoine_Phan/ROM.vhd                            ;         ;
; Antoine_Phan_Wrapper2.vhd          ; yes             ; User VHDL File  ; D:/ECSE222-VHDL/Lab6/VHDL6_Antoine_Phan/Antoine_Phan_Wrapper2.vhd          ;         ;
+------------------------------------+-----------------+-----------------+----------------------------------------------------------------------------+---------+


+-----------------------------------------------------------+
; Analysis & Synthesis Resource Usage Summary               ;
+---------------------------------------------+-------------+
; Resource                                    ; Usage       ;
+---------------------------------------------+-------------+
; Estimate of Logic utilization (ALMs needed) ; 51          ;
;                                             ;             ;
; Combinational ALUT usage for logic          ; 87          ;
;     -- 7 input functions                    ; 0           ;
;     -- 6 input functions                    ; 14          ;
;     -- 5 input functions                    ; 2           ;
;     -- 4 input functions                    ; 3           ;
;     -- <=3 input functions                  ; 68          ;
;                                             ;             ;
; Dedicated logic registers                   ; 53          ;
;                                             ;             ;
; I/O pins                                    ; 16          ;
;                                             ;             ;
; Total DSP Blocks                            ; 0           ;
;                                             ;             ;
; Maximum fan-out node                        ; reset~input ;
; Maximum fan-out                             ; 53          ;
; Total fan-out                               ; 461         ;
; Average fan-out                             ; 2.68        ;
+---------------------------------------------+-------------+


+------------------------------------------------------------------------------------------------------------------------------------------------------------------------------------------------------------------------------------------------------------------------------------------------+
; Analysis & Synthesis Resource Utilization by Entity                                                                                                                                                                                                                                            ;
+---------------------------------------------+---------------------+---------------------------+-------------------+------------+------+--------------+-----------------------------------------------------------------------------------------+--------------------------------+--------------+
; Compilation Hierarchy Node                  ; Combinational ALUTs ; Dedicated Logic Registers ; Block Memory Bits ; DSP Blocks ; Pins ; Virtual Pins ; Full Hierarchy Name                                                                     ; Entity Name                    ; Library Name ;
+---------------------------------------------+---------------------+---------------------------+-------------------+------------+------+--------------+-----------------------------------------------------------------------------------------+--------------------------------+--------------+
; |Antoine_Phan_Wrapper2                      ; 87 (0)              ; 53 (0)                    ; 0                 ; 0          ; 16   ; 0            ; |Antoine_Phan_Wrapper2                                                                  ; Antoine_Phan_Wrapper2          ; work         ;
;    |Antoine_Phan_Clock_Divider:CLK_DIV|     ; 44 (44)             ; 27 (27)                   ; 0                 ; 0          ; 0    ; 0            ; |Antoine_Phan_Wrapper2|Antoine_Phan_Clock_Divider:CLK_DIV                               ; Antoine_Phan_Clock_Divider     ; work         ;
;    |Antoine_Phan_Sequence_Detector:SEQ_CNT| ; 16 (0)              ; 18 (0)                    ; 0                 ; 0          ; 0    ; 0            ; |Antoine_Phan_Wrapper2|Antoine_Phan_Sequence_Detector:SEQ_CNT                           ; Antoine_Phan_Sequence_Detector ; work         ;
;       |Antoine_Phan_Counter:CNT1|           ; 3 (3)               ; 3 (3)                     ; 0                 ; 0          ; 0    ; 0            ; |Antoine_Phan_Wrapper2|Antoine_Phan_Sequence_Detector:SEQ_CNT|Antoine_Phan_Counter:CNT1 ; Antoine_Phan_Counter           ; work         ;
;       |Antoine_Phan_Counter:CNT2|           ; 3 (3)               ; 3 (3)                     ; 0                 ; 0          ; 0    ; 0            ; |Antoine_Phan_Wrapper2|Antoine_Phan_Sequence_Detector:SEQ_CNT|Antoine_Phan_Counter:CNT2 ; Antoine_Phan_Counter           ; work         ;
;       |Antoine_Phan_FSM:FSM|                ; 10 (10)             ; 12 (12)                   ; 0                 ; 0          ; 0    ; 0            ; |Antoine_Phan_Wrapper2|Antoine_Phan_Sequence_Detector:SEQ_CNT|Antoine_Phan_FSM:FSM      ; Antoine_Phan_FSM               ; work         ;
;    |ROM:ROM_thing|                          ; 13 (13)             ; 8 (8)                     ; 0                 ; 0          ; 0    ; 0            ; |Antoine_Phan_Wrapper2|ROM:ROM_thing                                                    ; ROM                            ; work         ;
;    |Seven_Segment_Decoder:HEX0_DEC|         ; 7 (7)               ; 0 (0)                     ; 0                 ; 0          ; 0    ; 0            ; |Antoine_Phan_Wrapper2|Seven_Segment_Decoder:HEX0_DEC                                   ; Seven_Segment_Decoder          ; work         ;
;    |Seven_Segment_Decoder:HEX5_DEC|         ; 7 (7)               ; 0 (0)                     ; 0                 ; 0          ; 0    ; 0            ; |Antoine_Phan_Wrapper2|Seven_Segment_Decoder:HEX5_DEC                                   ; Seven_Segment_Decoder          ; work         ;
+---------------------------------------------+---------------------+---------------------------+-------------------+------------+------+--------------+-----------------------------------------------------------------------------------------+--------------------------------+--------------+
Note: For table entries with two numbers listed, the numbers in parentheses indicate the number of resources of the given type used by the specific entity alone. The numbers listed outside of parentheses indicate the total resources of the given type used by the specific entity and all of its sub-entities in the hierarchy.


Encoding Type:  One-Hot
+-----------------------------------------------------------------------------------------------------------+
; State Machine - |Antoine_Phan_Wrapper2|Antoine_Phan_Sequence_Detector:SEQ_CNT|Antoine_Phan_FSM:FSM|state2 ;
+-----------+-----------+-----------+-----------+-----------+-----------------------------------------------+
; Name      ; state2.E2 ; state2.D2 ; state2.C2 ; state2.B2 ; state2.A2                                     ;
+-----------+-----------+-----------+-----------+-----------+-----------------------------------------------+
; state2.A2 ; 0         ; 0         ; 0         ; 0         ; 0                                             ;
; state2.B2 ; 0         ; 0         ; 0         ; 1         ; 1                                             ;
; state2.C2 ; 0         ; 0         ; 1         ; 0         ; 1                                             ;
; state2.D2 ; 0         ; 1         ; 0         ; 0         ; 1                                             ;
; state2.E2 ; 1         ; 0         ; 0         ; 0         ; 1                                             ;
+-----------+-----------+-----------+-----------+-----------+-----------------------------------------------+


Encoding Type:  One-Hot
+-----------------------------------------------------------------------------------------------------------+
; State Machine - |Antoine_Phan_Wrapper2|Antoine_Phan_Sequence_Detector:SEQ_CNT|Antoine_Phan_FSM:FSM|state1 ;
+-----------+-----------+-----------+-----------+-----------+-----------------------------------------------+
; Name      ; state1.E1 ; state1.D1 ; state1.C1 ; state1.B1 ; state1.A1                                     ;
+-----------+-----------+-----------+-----------+-----------+-----------------------------------------------+
; state1.A1 ; 0         ; 0         ; 0         ; 0         ; 0                                             ;
; state1.B1 ; 0         ; 0         ; 0         ; 1         ; 1                                             ;
; state1.C1 ; 0         ; 0         ; 1         ; 0         ; 1                                             ;
; state1.D1 ; 0         ; 1         ; 0         ; 0         ; 1                                             ;
; state1.E1 ; 1         ; 0         ; 0         ; 0         ; 1                                             ;
+-----------+-----------+-----------+-----------+-----------+-----------------------------------------------+


+------------------------------------------------------+
; General Register Statistics                          ;
+----------------------------------------------+-------+
; Statistic                                    ; Value ;
+----------------------------------------------+-------+
; Total registers                              ; 53    ;
; Number of registers using Synchronous Clear  ; 14    ;
; Number of registers using Synchronous Load   ; 0     ;
; Number of registers using Asynchronous Clear ; 43    ;
; Number of registers using Asynchronous Load  ; 0     ;
; Number of registers using Clock Enable       ; 10    ;
; Number of registers using Preset             ; 0     ;
+----------------------------------------------+-------+


+--------------------------------------------------------+
; Inverted Register Statistics                           ;
+----------------------------------------------+---------+
; Inverted Register                            ; Fan out ;
+----------------------------------------------+---------+
; Antoine_Phan_Clock_Divider:CLK_DIV|count[25] ; 2       ;
; Antoine_Phan_Clock_Divider:CLK_DIV|count[23] ; 2       ;
; Antoine_Phan_Clock_Divider:CLK_DIV|count[22] ; 2       ;
; Antoine_Phan_Clock_Divider:CLK_DIV|count[21] ; 2       ;
; Antoine_Phan_Clock_Divider:CLK_DIV|count[20] ; 2       ;
; Antoine_Phan_Clock_Divider:CLK_DIV|count[19] ; 2       ;
; Antoine_Phan_Clock_Divider:CLK_DIV|count[17] ; 2       ;
; Antoine_Phan_Clock_Divider:CLK_DIV|count[15] ; 2       ;
; Antoine_Phan_Clock_Divider:CLK_DIV|count[14] ; 2       ;
; Antoine_Phan_Clock_Divider:CLK_DIV|count[13] ; 2       ;
; Antoine_Phan_Clock_Divider:CLK_DIV|count[12] ; 2       ;
; Antoine_Phan_Clock_Divider:CLK_DIV|count[7]  ; 2       ;
; Total number of inverted registers = 12      ;         ;
+----------------------------------------------+---------+


+------------------------------------------------------------+
; Port Connectivity Checks: "Seven_Segment_Decoder:HEX0_DEC" ;
+---------+-------+----------+-------------------------------+
; Port    ; Type  ; Severity ; Details                       ;
+---------+-------+----------+-------------------------------+
; code[3] ; Input ; Info     ; Stuck at GND                  ;
+---------+-------+----------+-------------------------------+


+------------------------------------------------------------+
; Port Connectivity Checks: "Seven_Segment_Decoder:HEX5_DEC" ;
+---------+-------+----------+-------------------------------+
; Port    ; Type  ; Severity ; Details                       ;
+---------+-------+----------+-------------------------------+
; code[3] ; Input ; Info     ; Stuck at GND                  ;
+---------+-------+----------+-------------------------------+


+--------------------------------------------------------------------+
; Port Connectivity Checks: "Antoine_Phan_Sequence_Detector:SEQ_CNT" ;
+--------+-------+----------+----------------------------------------+
; Port   ; Type  ; Severity ; Details                                ;
+--------+-------+----------+----------------------------------------+
; enable ; Input ; Info     ; Stuck at VCC                           ;
+--------+-------+----------+----------------------------------------+


+----------------------------------------------------------------+
; Port Connectivity Checks: "Antoine_Phan_Clock_Divider:CLK_DIV" ;
+--------+-------+----------+------------------------------------+
; Port   ; Type  ; Severity ; Details                            ;
+--------+-------+----------+------------------------------------+
; enable ; Input ; Info     ; Stuck at VCC                       ;
+--------+-------+----------+------------------------------------+


+-----------------------------------------------------+
; Post-Synthesis Netlist Statistics for Top Partition ;
+-----------------------+-----------------------------+
; Type                  ; Count                       ;
+-----------------------+-----------------------------+
; arriav_ff             ; 53                          ;
;     CLR               ; 29                          ;
;     CLR SCLR          ; 14                          ;
;     ENA               ; 10                          ;
; arriav_lcell_comb     ; 87                          ;
;     arith             ; 33                          ;
;         1 data inputs ; 32                          ;
;         2 data inputs ; 1                           ;
;     normal            ; 54                          ;
;         1 data inputs ; 1                           ;
;         2 data inputs ; 16                          ;
;         3 data inputs ; 18                          ;
;         4 data inputs ; 3                           ;
;         5 data inputs ; 2                           ;
;         6 data inputs ; 14                          ;
; boundary_port         ; 16                          ;
;                       ;                             ;
; Max LUT depth         ; 4.50                        ;
; Average LUT depth     ; 2.66                        ;
+-----------------------+-----------------------------+


+-------------------------------+
; Elapsed Time Per Partition    ;
+----------------+--------------+
; Partition Name ; Elapsed Time ;
+----------------+--------------+
; Top            ; 00:00:00     ;
+----------------+--------------+


+-------------------------------+
; Analysis & Synthesis Messages ;
+-------------------------------+
Info: *******************************************************************
Info: Running Quartus Prime Analysis & Synthesis
    Info: Version 18.0.0 Build 614 04/24/2018 SJ Lite Edition
    Info: Processing started: Wed Nov 30 21:39:45 2022
Info: Command: quartus_map --read_settings_files=on --write_settings_files=off VHDL6_Antoine_Phan -c WrapperDesign
Warning (18236): Number of processors has not been specified which may cause overloading on shared machines.  Set the global assignment NUM_PARALLEL_PROCESSORS in your QSF to an appropriate value for best performance.
Info (20030): Parallel compilation is enabled and will use 4 of the 4 processors detected
Info (12021): Found 2 design units, including 1 entities, in source file antoine_phan_jkff.vhd
    Info (12022): Found design unit 1: antoine_phan_jkff-arch File: D:/ECSE222-VHDL/Lab6/VHDL6_Antoine_Phan/Antoine_Phan_JKFF.vhd Line: 13
    Info (12023): Found entity 1: antoine_phan_jkff File: D:/ECSE222-VHDL/Lab6/VHDL6_Antoine_Phan/Antoine_Phan_JKFF.vhd Line: 5
Info (12021): Found 2 design units, including 1 entities, in source file jkff_testbench.vhd
    Info (12022): Found design unit 1: JKFF_testbench-tb File: D:/ECSE222-VHDL/Lab6/VHDL6_Antoine_Phan/JKFF_testbench.vhd Line: 8
    Info (12023): Found entity 1: JKFF_testbench File: D:/ECSE222-VHDL/Lab6/VHDL6_Antoine_Phan/JKFF_testbench.vhd Line: 5
Info (12021): Found 2 design units, including 1 entities, in source file antoine_phan_counter.vhd
    Info (12022): Found design unit 1: Antoine_Phan_Counter-arch File: D:/ECSE222-VHDL/Lab6/VHDL6_Antoine_Phan/Antoine_Phan_Counter.vhd Line: 13
    Info (12023): Found entity 1: Antoine_Phan_Counter File: D:/ECSE222-VHDL/Lab6/VHDL6_Antoine_Phan/Antoine_Phan_Counter.vhd Line: 6
Info (12021): Found 2 design units, including 1 entities, in source file counters_testbench.vhd
    Info (12022): Found design unit 1: Counters_testbench-tb File: D:/ECSE222-VHDL/Lab6/VHDL6_Antoine_Phan/Counters_testbench.vhd Line: 8
    Info (12023): Found entity 1: counters_testbench File: D:/ECSE222-VHDL/Lab6/VHDL6_Antoine_Phan/Counters_testbench.vhd Line: 5
Info (12021): Found 2 design units, including 1 entities, in source file antoine_phan_clock_divider.vhd
    Info (12022): Found design unit 1: Antoine_Phan_Clock_Divider-arch File: D:/ECSE222-VHDL/Lab6/VHDL6_Antoine_Phan/Antoine_Phan_Clock_Divider.vhd Line: 13
    Info (12023): Found entity 1: Antoine_Phan_Clock_Divider File: D:/ECSE222-VHDL/Lab6/VHDL6_Antoine_Phan/Antoine_Phan_Clock_Divider.vhd Line: 6
Info (12021): Found 2 design units, including 1 entities, in source file clock_divider_testbench.vhd
    Info (12022): Found design unit 1: clock_divider_testbench-testbench File: D:/ECSE222-VHDL/Lab6/VHDL6_Antoine_Phan/Clock_Divider_testbench.vhd Line: 8
    Info (12023): Found entity 1: clock_divider_testbench File: D:/ECSE222-VHDL/Lab6/VHDL6_Antoine_Phan/Clock_Divider_testbench.vhd Line: 5
Info (12021): Found 2 design units, including 1 entities, in source file seven_segment_decoder.vhd
    Info (12022): Found design unit 1: Seven_Segment_Decoder-arch File: D:/ECSE222-VHDL/Lab6/VHDL6_Antoine_Phan/Seven_Segment_Decoder.vhd Line: 12
    Info (12023): Found entity 1: Seven_Segment_Decoder File: D:/ECSE222-VHDL/Lab6/VHDL6_Antoine_Phan/Seven_Segment_Decoder.vhd Line: 5
Info (12021): Found 2 design units, including 1 entities, in source file antoine_phan_wrapper.vhd
    Info (12022): Found design unit 1: Antoine_Phan_Wrapper-arch File: D:/ECSE222-VHDL/Lab6/VHDL6_Antoine_Phan/Antoine_Phan_Wrapper.vhd Line: 14
    Info (12023): Found entity 1: Antoine_Phan_Wrapper File: D:/ECSE222-VHDL/Lab6/VHDL6_Antoine_Phan/Antoine_Phan_Wrapper.vhd Line: 5
Info (12021): Found 2 design units, including 1 entities, in source file wrapper_simulation.vhd
    Info (12022): Found design unit 1: Wrapper_Simulation-tb File: D:/ECSE222-VHDL/Lab6/VHDL6_Antoine_Phan/Wrapper_Simulation.vhd Line: 8
    Info (12023): Found entity 1: Wrapper_Simulation File: D:/ECSE222-VHDL/Lab6/VHDL6_Antoine_Phan/Wrapper_Simulation.vhd Line: 5
Info (12021): Found 2 design units, including 1 entities, in source file antoine_phan_fsm.vhd
    Info (12022): Found design unit 1: Antoine_Phan_FSM-arch File: D:/ECSE222-VHDL/Lab6/VHDL6_Antoine_Phan/Antoine_Phan_FSM.vhd Line: 15
    Info (12023): Found entity 1: Antoine_Phan_FSM File: D:/ECSE222-VHDL/Lab6/VHDL6_Antoine_Phan/Antoine_Phan_FSM.vhd Line: 5
Info (12021): Found 2 design units, including 1 entities, in source file fsm_testbench.vhd
    Info (12022): Found design unit 1: FSM_Testbench-tb File: D:/ECSE222-VHDL/Lab6/VHDL6_Antoine_Phan/FSM_testbench.vhd Line: 8
    Info (12023): Found entity 1: FSM_Testbench File: D:/ECSE222-VHDL/Lab6/VHDL6_Antoine_Phan/FSM_testbench.vhd Line: 5
Info (12021): Found 2 design units, including 1 entities, in source file antoine_phan_sequence_detector.vhd
    Info (12022): Found design unit 1: Antoine_Phan_Sequence_Detector-arch File: D:/ECSE222-VHDL/Lab6/VHDL6_Antoine_Phan/Antoine_Phan_Sequence_Detector.vhd Line: 13
    Info (12023): Found entity 1: Antoine_Phan_Sequence_Detector File: D:/ECSE222-VHDL/Lab6/VHDL6_Antoine_Phan/Antoine_Phan_Sequence_Detector.vhd Line: 5
Info (12021): Found 2 design units, including 1 entities, in source file sequence_detector_testbench.vhd
    Info (12022): Found design unit 1: Sequence_Detector_testbench-tb File: D:/ECSE222-VHDL/Lab6/VHDL6_Antoine_Phan/Sequence_Detector_testbench.vhd Line: 8
    Info (12023): Found entity 1: Sequence_Detector_testbench File: D:/ECSE222-VHDL/Lab6/VHDL6_Antoine_Phan/Sequence_Detector_testbench.vhd Line: 5
Info (12021): Found 2 design units, including 1 entities, in source file rom.vhd
    Info (12022): Found design unit 1: ROM-arch File: D:/ECSE222-VHDL/Lab6/VHDL6_Antoine_Phan/ROM.vhd Line: 13
    Info (12023): Found entity 1: ROM File: D:/ECSE222-VHDL/Lab6/VHDL6_Antoine_Phan/ROM.vhd Line: 5
Info (12021): Found 2 design units, including 1 entities, in source file antoine_phan_wrapper2.vhd
    Info (12022): Found design unit 1: Antoine_Phan_Wrapper2-arch File: D:/ECSE222-VHDL/Lab6/VHDL6_Antoine_Phan/Antoine_Phan_Wrapper2.vhd Line: 13
    Info (12023): Found entity 1: Antoine_Phan_Wrapper2 File: D:/ECSE222-VHDL/Lab6/VHDL6_Antoine_Phan/Antoine_Phan_Wrapper2.vhd Line: 5
Info (12127): Elaborating entity "Antoine_Phan_Wrapper2" for the top level hierarchy
Info (12128): Elaborating entity "Antoine_Phan_Clock_Divider" for hierarchy "Antoine_Phan_Clock_Divider:CLK_DIV" File: D:/ECSE222-VHDL/Lab6/VHDL6_Antoine_Phan/Antoine_Phan_Wrapper2.vhd Line: 52
Info (12128): Elaborating entity "ROM" for hierarchy "ROM:ROM_thing" File: D:/ECSE222-VHDL/Lab6/VHDL6_Antoine_Phan/Antoine_Phan_Wrapper2.vhd Line: 61
Warning (10540): VHDL Signal Declaration warning at ROM.vhd(18): used explicit default value for signal "sevenSegment_ROM" because signal was never assigned a value File: D:/ECSE222-VHDL/Lab6/VHDL6_Antoine_Phan/ROM.vhd Line: 18
Info (12128): Elaborating entity "Antoine_Phan_Sequence_Detector" for hierarchy "Antoine_Phan_Sequence_Detector:SEQ_CNT" File: D:/ECSE222-VHDL/Lab6/VHDL6_Antoine_Phan/Antoine_Phan_Wrapper2.vhd Line: 69
Info (12128): Elaborating entity "Antoine_Phan_FSM" for hierarchy "Antoine_Phan_Sequence_Detector:SEQ_CNT|Antoine_Phan_FSM:FSM" File: D:/ECSE222-VHDL/Lab6/VHDL6_Antoine_Phan/Antoine_Phan_Sequence_Detector.vhd Line: 31
Info (12128): Elaborating entity "Antoine_Phan_Counter" for hierarchy "Antoine_Phan_Sequence_Detector:SEQ_CNT|Antoine_Phan_Counter:CNT1" File: D:/ECSE222-VHDL/Lab6/VHDL6_Antoine_Phan/Antoine_Phan_Sequence_Detector.vhd Line: 41
Info (12128): Elaborating entity "Seven_Segment_Decoder" for hierarchy "Seven_Segment_Decoder:HEX5_DEC" File: D:/ECSE222-VHDL/Lab6/VHDL6_Antoine_Phan/Antoine_Phan_Wrapper2.vhd Line: 80
Info (286030): Timing-Driven Synthesis is running
Info (16010): Generating hard_block partition "hard_block:auto_generated_inst"
    Info (16011): Adding 0 node(s), including 0 DDIO, 0 PLL, 0 transceiver and 0 LCELL
Info (21057): Implemented 106 device resources after synthesis - the final resource count might be different
    Info (21058): Implemented 2 input pins
    Info (21059): Implemented 14 output pins
    Info (21061): Implemented 90 logic cells
Info: Quartus Prime Analysis & Synthesis was successful. 0 errors, 2 warnings
    Info: Peak virtual memory: 4849 megabytes
    Info: Processing ended: Wed Nov 30 21:39:56 2022
    Info: Elapsed time: 00:00:11
    Info: Total CPU time (on all processors): 00:00:24


